<?xml version="1.0" encoding="UTF-8"?>
<!-- Generated by org.testng.reporters.JUnitXMLReporter -->
<testsuite ignored="0" hostname="DESKTOP-DV7HTAH" failures="0" tests="3" name="Dynamic Table" time="8.475" errors="0" timestamp="2023-11-21T13:15:07 IST">
  <testcase classname="Main" name="clickTableDataButton" time="0.53"/>
  <testcase classname="Main" name="populateWithJson" time="0.676"/>
  <testcase classname="Main" name="tableAssertions" time="0.934"/>
</testsuite> <!-- Dynamic Table -->
